[    0.000000] Linux version 4.15.0-99-generic (buildd@lcy01-amd64-013) (gcc version 7.5.0 (Ubuntu 7.5.0-3ubuntu1~18.04)) #100-Ubuntu SMP Wed Apr 22 20:32:56 UTC 2020 (Ubuntu 4.15.0-99.100-generic 4.15.18)
[    0.000000] Command line: BOOT_IMAGE=/boot/vmlinuz-4.15.0-99-generic root=LABEL=cloudimg-rootfs ro console=tty1 console=ttyS0
[    0.000000] KERNEL supported cpus:
[    0.000000]   Intel GenuineIntel
[    0.000000]   AMD AuthenticAMD
[    0.000000]   Centaur CentaurHauls
[    0.000000] x86/fpu: Supporting XSAVE feature 0x001: 'x87 floating point registers'
[    0.000000] x86/fpu: Supporting XSAVE feature 0x002: 'SSE registers'
[    0.000000] x86/fpu: Supporting XSAVE feature 0x004: 'AVX registers'
[    0.000000] x86/fpu: xstate_offset[2]:  576, xstate_sizes[2]:  256
[    0.000000] x86/fpu: Enabled xstate features 0x7, context size is 832 bytes, using 'standard' format.
[    0.000000] e820: BIOS-provided physical RAM map:
[    0.000000] BIOS-e820: [mem 0x0000000000000000-0x000000000009fbff] usable
[    0.000000] BIOS-e820: [mem 0x000000000009fc00-0x000000000009ffff] reserved
[    0.000000] BIOS-e820: [mem 0x00000000000f0000-0x00000000000fffff] reserved
[    0.000000] BIOS-e820: [mem 0x0000000000100000-0x00000000dffeffff] usable
[    0.000000] BIOS-e820: [mem 0x00000000dfff0000-0x00000000dfffffff] ACPI data
[    0.000000] BIOS-e820: [mem 0x00000000fec00000-0x00000000fec00fff] reserved
[    0.000000] BIOS-e820: [mem 0x00000000fee00000-0x00000000fee00fff] reserved
[    0.000000] BIOS-e820: [mem 0x00000000fffc0000-0x00000000ffffffff] reserved
[    0.000000] BIOS-e820: [mem 0x0000000100000000-0x000000041fffffff] usable
[    0.000000] NX (Execute Disable) protection: active
[    0.000000] SMBIOS 2.5 present.
[    0.000000] DMI: innotek GmbH VirtualBox/VirtualBox, BIOS VirtualBox 12/01/2006
[    0.000000] Hypervisor detected: KVM
[    0.000000] e820: last_pfn = 0x420000 max_arch_pfn = 0x400000000
[    0.000000] MTRR: Disabled
[    0.000000] x86/PAT: MTRRs disabled, skipping PAT initialization too.
[    0.000000] CPU MTRRs all blank - virtualized system.
[    0.000000] x86/PAT: Configuration [0-7]: WB  WT  UC- UC  WB  WT  UC- UC  
[    0.000000] e820: last_pfn = 0xdfff0 max_arch_pfn = 0x400000000
[    0.000000] found SMP MP-table at [mem 0x0009fff0-0x0009ffff]
[    0.000000] Scanning 1 areas for low memory corruption
[    0.000000] RAMDISK: [mem 0x35a6b000-0x36d2cfff]
[    0.000000] ACPI: Early table checksum verification disabled
[    0.000000] ACPI: RSDP 0x00000000000E0000 000024 (v02 VBOX  )
[    0.000000] ACPI: XSDT 0x00000000DFFF0030 00003C (v01 VBOX   VBOXXSDT 00000001 ASL  00000061)
[    0.000000] ACPI: FACP 0x00000000DFFF00F0 0000F4 (v04 VBOX   VBOXFACP 00000001 ASL  00000061)
[    0.000000] ACPI: DSDT 0x00000000DFFF04A0 002325 (v02 VBOX   VBOXBIOS 00000002 INTL 20100528)
[    0.000000] ACPI: FACS 0x00000000DFFF0200 000040
[    0.000000] ACPI: FACS 0x00000000DFFF0200 000040
[    0.000000] ACPI: APIC 0x00000000DFFF0240 00008C (v02 VBOX   VBOXAPIC 00000001 ASL  00000061)
[    0.000000] ACPI: SSDT 0x00000000DFFF02D0 0001CC (v01 VBOX   VBOXCPUT 00000002 INTL 20100528)
[    0.000000] No NUMA configuration found
[    0.000000] Faking a node at [mem 0x0000000000000000-0x000000041fffffff]
[    0.000000] NODE_DATA(0) allocated [mem 0x41ffcc000-0x41fff6fff]
[    0.000000] kvm-clock: cpu 0, msr 4:1ff4b001, primary cpu clock
[    0.000000] kvm-clock: Using msrs 4b564d01 and 4b564d00
[    0.000000] kvm-clock: using sched offset of 4825623978 cycles
[    0.000000] clocksource: kvm-clock: mask: 0xffffffffffffffff max_cycles: 0x1cd42e4dffb, max_idle_ns: 881590591483 ns
[    0.000000] Zone ranges:
[    0.000000]   DMA      [mem 0x0000000000001000-0x0000000000ffffff]
[    0.000000]   DMA32    [mem 0x0000000001000000-0x00000000ffffffff]
[    0.000000]   Normal   [mem 0x0000000100000000-0x000000041fffffff]
[    0.000000]   Device   empty
[    0.000000] Movable zone start for each node
[    0.000000] Early memory node ranges
[    0.000000]   node   0: [mem 0x0000000000001000-0x000000000009efff]
[    0.000000]   node   0: [mem 0x0000000000100000-0x00000000dffeffff]
[    0.000000]   node   0: [mem 0x0000000100000000-0x000000041fffffff]
[    0.000000] Reserved but unavailable: 98 pages
[    0.000000] Initmem setup node 0 [mem 0x0000000000001000-0x000000041fffffff]
[    0.000000] ACPI: PM-Timer IO Port: 0x4008
[    0.000000] IOAPIC[0]: apic_id 8, version 32, address 0xfec00000, GSI 0-23
[    0.000000] ACPI: INT_SRC_OVR (bus 0 bus_irq 0 global_irq 2 dfl dfl)
[    0.000000] ACPI: INT_SRC_OVR (bus 0 bus_irq 9 global_irq 9 low level)
[    0.000000] Using ACPI (MADT) for SMP configuration information
[    0.000000] smpboot: Allowing 8 CPUs, 0 hotplug CPUs
[    0.000000] PM: Registered nosave memory: [mem 0x00000000-0x00000fff]
[    0.000000] PM: Registered nosave memory: [mem 0x0009f000-0x0009ffff]
[    0.000000] PM: Registered nosave memory: [mem 0x000a0000-0x000effff]
[    0.000000] PM: Registered nosave memory: [mem 0x000f0000-0x000fffff]
[    0.000000] PM: Registered nosave memory: [mem 0xdfff0000-0xdfffffff]
[    0.000000] PM: Registered nosave memory: [mem 0xe0000000-0xfebfffff]
[    0.000000] PM: Registered nosave memory: [mem 0xfec00000-0xfec00fff]
[    0.000000] PM: Registered nosave memory: [mem 0xfec01000-0xfedfffff]
[    0.000000] PM: Registered nosave memory: [mem 0xfee00000-0xfee00fff]
[    0.000000] PM: Registered nosave memory: [mem 0xfee01000-0xfffbffff]
[    0.000000] PM: Registered nosave memory: [mem 0xfffc0000-0xffffffff]
[    0.000000] e820: [mem 0xe0000000-0xfebfffff] available for PCI devices
[    0.000000] Booting paravirtualized kernel on KVM
[    0.000000] clocksource: refined-jiffies: mask: 0xffffffff max_cycles: 0xffffffff, max_idle_ns: 7645519600211568 ns
[    0.000000] random: get_random_bytes called from start_kernel+0x99/0x4fd with crng_init=0
[    0.000000] setup_percpu: NR_CPUS:8192 nr_cpumask_bits:8 nr_cpu_ids:8 nr_node_ids:1
[    0.000000] percpu: Embedded 45 pages/cpu s147456 r8192 d28672 u262144
[    0.000000] PV qspinlock hash table entries: 256 (order: 0, 4096 bytes)
[    0.000000] Built 1 zonelists, mobility grouping on.  Total pages: 4128633
[    0.000000] Policy zone: Normal
[    0.000000] Kernel command line: BOOT_IMAGE=/boot/vmlinuz-4.15.0-99-generic root=LABEL=cloudimg-rootfs ro console=tty1 console=ttyS0
[    0.000000] Memory: 16398872K/16776760K available (12300K kernel code, 2481K rwdata, 4268K rodata, 2432K init, 2712K bss, 377888K reserved, 0K cma-reserved)
[    0.000000] SLUB: HWalign=64, Order=0-3, MinObjects=0, CPUs=8, Nodes=1
[    0.000000] Kernel/User page tables isolation: enabled
[    0.000000] ftrace: allocating 39364 entries in 154 pages
[    0.004000] Hierarchical RCU implementation.
[    0.004000] 	RCU restricting CPUs from NR_CPUS=8192 to nr_cpu_ids=8.
[    0.004000] 	Tasks RCU enabled.
[    0.004000] RCU: Adjusting geometry for rcu_fanout_leaf=16, nr_cpu_ids=8
[    0.004000] NR_IRQS: 524544, nr_irqs: 488, preallocated irqs: 16
[    0.004000] Console: colour VGA+ 80x25
[    0.004000] console [tty1] enabled
[    0.004000] console [ttyS0] enabled
[    0.004000] ACPI: Core revision 20170831
[    0.004000] ACPI: 2 ACPI AML tables successfully acquired and loaded
[    0.004000] APIC: Switch to symmetric I/O mode setup
[    0.004000] x2apic enabled
[    0.004000] Switched APIC routing to physical x2apic.
[    0.004000] ..TIMER: vector=0x30 apic1=0 pin1=2 apic2=-1 pin2=-1
[    0.004003] tsc: Detected 2304.002 MHz processor
[    0.004988] Calibrating delay loop (skipped) preset value.. 4608.00 BogoMIPS (lpj=9216008)
[    0.008002] pid_max: default: 32768 minimum: 301
[    0.009109] Security Framework initialized
[    0.010024] Yama: becoming mindful.
[    0.010888] AppArmor: AppArmor initialized
[    0.052253] Dentry cache hash table entries: 2097152 (order: 12, 16777216 bytes)
[    0.076186] Inode-cache hash table entries: 1048576 (order: 11, 8388608 bytes)
[    0.080048] Mount-cache hash table entries: 32768 (order: 6, 262144 bytes)
[    0.088012] Mountpoint-cache hash table entries: 32768 (order: 6, 262144 bytes)
[    0.092293] Last level iTLB entries: 4KB 64, 2MB 8, 4MB 8
[    0.096003] Last level dTLB entries: 4KB 64, 2MB 0, 4MB 0, 1GB 4
[    0.098050] Spectre V1 : Mitigation: usercopy/swapgs barriers and __user pointer sanitization
[    0.100004] Spectre V2 : Mitigation: Full generic retpoline
[    0.101515] Spectre V2 : Spectre v2 / SpectreRSB mitigation: Filling RSB on context switch
[    0.104003] Speculative Store Bypass: Vulnerable
[    0.105329] MDS: Vulnerable: Clear CPU buffers attempted, no microcode
[    0.108253] Freeing SMP alternatives memory: 36K
[    0.220109] smpboot: CPU0: Intel(R) Core(TM) i5-8300H CPU @ 2.30GHz (family: 0x6, model: 0x9e, stepping: 0xa)
[    0.222187] Performance Events: unsupported p6 CPU model 158 no PMU driver, software events only.
[    0.224034] Hierarchical SRCU implementation.
[    0.225455] NMI watchdog: Perf event create on CPU 0 failed with -2
[    0.226624] NMI watchdog: Perf NMI watchdog permanently disabled
[    0.227837] smp: Bringing up secondary CPUs ...
[    0.228081] x86: Booting SMP configuration:
[    0.228981] .... node  #0, CPUs:      #1
[    0.004000] kvm-clock: cpu 1, msr 4:1ff4b041, secondary cpu clock
[    0.234506]  #2
[    0.004000] kvm-clock: cpu 2, msr 4:1ff4b081, secondary cpu clock
[    0.239223]  #3
[    0.004000] kvm-clock: cpu 3, msr 4:1ff4b0c1, secondary cpu clock
[    0.244137]  #4
[    0.004000] kvm-clock: cpu 4, msr 4:1ff4b101, secondary cpu clock
[    0.248081]  #5
[    0.004000] kvm-clock: cpu 5, msr 4:1ff4b141, secondary cpu clock
[    0.252083]  #6
[    0.004000] kvm-clock: cpu 6, msr 4:1ff4b181, secondary cpu clock
[    0.260028]  #7
[    0.004000] kvm-clock: cpu 7, msr 4:1ff4b1c1, secondary cpu clock
[    0.272022] smp: Brought up 1 node, 8 CPUs
[    0.273225] smpboot: Max logical packages: 1
[    0.276007] smpboot: Total of 8 processors activated (36864.03 BogoMIPS)
[    0.278092] devtmpfs: initialized
[    0.278092] x86/mm: Memory block size: 128MB
[    0.281283] evm: security.selinux
[    0.282450] evm: security.SMACK64
[    0.284008] evm: security.SMACK64EXEC
[    0.285173] evm: security.SMACK64TRANSMUTE
[    0.286451] evm: security.SMACK64MMAP
[    0.287865] evm: security.apparmor
[    0.288006] evm: security.ima
[    0.288905] evm: security.capability
[    0.289983] clocksource: jiffies: mask: 0xffffffff max_cycles: 0xffffffff, max_idle_ns: 7645041785100000 ns
[    0.292018] futex hash table entries: 2048 (order: 5, 131072 bytes)
[    0.296143] pinctrl core: initialized pinctrl subsystem
[    0.298062] RTC time: 17:03:57, date: 05/15/20
[    0.300155] NET: Registered protocol family 16
[    0.301884] audit: initializing netlink subsys (disabled)
[    0.303943] audit: type=2000 audit(1589562251.318:1): state=initialized audit_enabled=0 res=1
[    0.304057] cpuidle: using governor ladder
[    0.305351] cpuidle: using governor menu
[    0.308054] ACPI: bus type PCI registered
[    0.309559] acpiphp: ACPI Hot Plug PCI Controller Driver version: 0.5
[    0.312169] PCI: Using configuration type 1 for base access
[    0.317949] HugeTLB registered 2.00 MiB page size, pre-allocated 0 pages
[    0.348064] ACPI: Added _OSI(Module Device)
[    0.352003] ACPI: Added _OSI(Processor Device)
[    0.353340] ACPI: Added _OSI(3.0 _SCP Extensions)
[    0.354917] ACPI: Added _OSI(Processor Aggregator Device)
[    0.356008] ACPI: Added _OSI(Linux-Dell-Video)
[    0.357509] ACPI: Added _OSI(Linux-Lenovo-NV-HDMI-Audio)
[    0.360007] ACPI: Added _OSI(Linux-HPI-Hybrid-Graphics)
[    0.362471] ACPI: Executed 1 blocks of module-level executable AML code
[    0.370086] ACPI: Interpreter enabled
[    0.372017] ACPI: (supports S0 S5)
[    0.372817] ACPI: Using IOAPIC for interrupt routing
[    0.374470] PCI: Using host bridge windows from ACPI; if necessary, use "pci=nocrs" and report a bug
[    0.376333] ACPI: Enabled 2 GPEs in block 00 to 07
[    0.388510] ACPI: PCI Root Bridge [PCI0] (domain 0000 [bus 00-ff])
[    0.389952] acpi PNP0A03:00: _OSC: OS supports [ASPM ClockPM Segments MSI]
[    0.392395] acpi PNP0A03:00: _OSC: not requesting OS control; OS requires [ExtendedConfig ASPM ClockPM MSI]
[    0.394650] acpi PNP0A03:00: fail to add MMCONFIG information, can't access extended PCI configuration space under this bridge.
[    0.396629] PCI host bridge to bus 0000:00
[    0.400004] pci_bus 0000:00: root bus resource [io  0x0000-0x0cf7 window]
[    0.401634] pci_bus 0000:00: root bus resource [io  0x0d00-0xffff window]
[    0.404010] pci_bus 0000:00: root bus resource [mem 0x000a0000-0x000bffff window]
[    0.406038] pci_bus 0000:00: root bus resource [mem 0xe0000000-0xfdffffff window]
[    0.408009] pci_bus 0000:00: root bus resource [bus 00-ff]
[    0.412975] pci 0000:00:01.1: legacy IDE quirk: reg 0x10: [io  0x01f0-0x01f7]
[    0.415049] pci 0000:00:01.1: legacy IDE quirk: reg 0x14: [io  0x03f6]
[    0.416004] pci 0000:00:01.1: legacy IDE quirk: reg 0x18: [io  0x0170-0x0177]
[    0.418480] pci 0000:00:01.1: legacy IDE quirk: reg 0x1c: [io  0x0376]
[    0.549651] pci 0000:00:07.0: quirk: [io  0x4000-0x403f] claimed by PIIX4 ACPI
[    0.551686] pci 0000:00:07.0: quirk: [io  0x4100-0x410f] claimed by PIIX4 SMB
[    0.629607] ACPI: PCI Interrupt Link [LNKA] (IRQs 5 9 10 *11)
[    0.631417] ACPI: PCI Interrupt Link [LNKB] (IRQs 5 9 *10 11)
[    0.632143] ACPI: PCI Interrupt Link [LNKC] (IRQs 5 *9 10 11)
[    0.633612] ACPI: PCI Interrupt Link [LNKD] (IRQs 5 9 10 *11)
[    0.636000] SCSI subsystem initialized
[    0.636050] pci 0000:00:02.0: vgaarb: setting as boot VGA device
[    0.637520] pci 0000:00:02.0: vgaarb: VGA device added: decodes=io+mem,owns=io+mem,locks=none
[    0.640008] pci 0000:00:02.0: vgaarb: bridge control possible
[    0.641533] vgaarb: loaded
[    0.642309] ACPI: bus type USB registered
[    0.644025] usbcore: registered new interface driver usbfs
[    0.645331] usbcore: registered new interface driver hub
[    0.648009] usbcore: registered new device driver usb
[    0.648079] EDAC MC: Ver: 3.0.0
[    0.652029] PCI: Using ACPI for IRQ routing
[    0.653333] NetLabel: Initializing
[    0.653333] NetLabel:  domain hash size = 128
[    0.653333] NetLabel:  protocols = UNLABELED CIPSOv4 CALIPSO
[    0.654358] NetLabel:  unlabeled traffic allowed by default
[    0.660195] clocksource: Switched to clocksource kvm-clock
[    0.885940] VFS: Disk quotas dquot_6.6.0
[    0.886997] VFS: Dquot-cache hash table entries: 512 (order 0, 4096 bytes)
[    0.888761] AppArmor: AppArmor Filesystem Enabled
[    0.889914] pnp: PnP ACPI init
[    0.892546] pnp: PnP ACPI: found 3 devices
[    0.903855] clocksource: acpi_pm: mask: 0xffffff max_cycles: 0xffffff, max_idle_ns: 2085701024 ns
[    0.906151] NET: Registered protocol family 2
[    0.907452] TCP established hash table entries: 131072 (order: 8, 1048576 bytes)
[    0.913375] TCP bind hash table entries: 65536 (order: 8, 1048576 bytes)
[    0.965476] TCP: Hash tables configured (established 131072 bind 65536)
[    0.969404] UDP hash table entries: 8192 (order: 6, 262144 bytes)
[    1.023637] UDP-Lite hash table entries: 8192 (order: 6, 262144 bytes)
[    1.026027] NET: Registered protocol family 1
[    1.027390] pci 0000:00:00.0: Limiting direct PCI/PCI transfers
[    1.029262] pci 0000:00:01.0: Activating ISA DMA hang workarounds
[    1.030932] pci 0000:00:02.0: Video device with shadowed ROM at [mem 0x000c0000-0x000dffff]
[    1.033237] Unpacking initramfs...
[    2.612948] Freeing initrd memory: 19208K
[    2.613982] PCI-DMA: Using software bounce buffering for IO (SWIOTLB)
[    2.615410] software IO TLB: mapped [mem 0xdbff0000-0xdfff0000] (64MB)
[    2.617000] clocksource: tsc: mask: 0xffffffffffffffff max_cycles: 0x2135f9f0f74, max_idle_ns: 440795301392 ns
[    2.619615] platform rtc_cmos: registered platform RTC device (no PNP device found)
[    2.621593] Scanning for low memory corruption every 60 seconds
[    2.623873] Initialise system trusted keyrings
[    2.625436] Key type blacklist registered
[    2.626597] workingset: timestamp_bits=36 max_order=22 bucket_order=0
[    2.629365] zbud: loaded
[    2.630682] squashfs: version 4.0 (2009/01/31) Phillip Lougher
[    2.632502] fuse init (API version 7.26)
[    2.700501] Key type asymmetric registered
[    2.701586] Asymmetric key parser 'x509' registered
[    2.702879] Block layer SCSI generic (bsg) driver version 0.4 loaded (major 246)
[    2.704949] io scheduler noop registered
[    2.705897] io scheduler deadline registered
[    2.707130] io scheduler cfq registered (default)
[    2.709165] ACPI: AC Adapter [AC] (on-line)
[    2.710312] input: Power Button as /devices/LNXSYSTM:00/LNXPWRBN:00/input/input0
[    2.712282] ACPI: Power Button [PWRF]
[    2.713297] input: Sleep Button as /devices/LNXSYSTM:00/LNXSLPBN:00/input/input1
[    2.715377] ACPI: Sleep Button [SLPF]
[    2.716945] Serial: 8250/16550 driver, 32 ports, IRQ sharing enabled
[    2.717898] ACPI: Battery Slot [BAT0] (battery present)
[    2.745266] 00:02: ttyS0 at I/O 0x3f8 (irq = 4, base_baud = 115200) is a 16550A
[    2.751173] Linux agpgart interface v0.103
[    2.754298] loop: module loaded
[    2.755626] scsi host0: ata_piix
[    2.756808] scsi host1: ata_piix
[    2.757570] ata1: PATA max UDMA/33 cmd 0x1f0 ctl 0x3f6 bmdma 0xd000 irq 14
[    2.765900] ata2: PATA max UDMA/33 cmd 0x170 ctl 0x376 bmdma 0xd008 irq 15
[    2.767349] libphy: Fixed MDIO Bus: probed
[    2.768417] tun: Universal TUN/TAP device driver, 1.6
[    2.831033] PPP generic driver version 2.4.2
[    2.832283] ehci_hcd: USB 2.0 'Enhanced' Host Controller (EHCI) Driver
[    2.833631] ehci-pci: EHCI PCI platform driver
[    2.834606] ehci-platform: EHCI generic platform driver
[    2.835763] ohci_hcd: USB 1.1 'Open' Host Controller (OHCI) Driver
[    2.837363] ohci-pci: OHCI PCI platform driver
[    2.838709] ohci-platform: OHCI generic platform driver
[    2.840320] uhci_hcd: USB Universal Host Controller Interface driver
[    2.842615] i8042: PNP: PS/2 Controller [PNP0303:PS2K,PNP0f03:PS2M] at 0x60,0x64 irq 1,12
[    2.845917] serio: i8042 KBD port at 0x60,0x64 irq 1
[    2.847096] serio: i8042 AUX port at 0x60,0x64 irq 12
[    2.848671] mousedev: PS/2 mouse device common for all mice
[    2.852846] rtc_cmos rtc_cmos: rtc core: registered rtc_cmos as rtc0
[    2.854555] input: AT Translated Set 2 keyboard as /devices/platform/i8042/serio0/input/input2
[    2.857856] rtc_cmos rtc_cmos: alarms up to one day, 114 bytes nvram
[    2.862922] i2c /dev entries driver
[    2.864283] device-mapper: uevent: version 1.0.3
[    2.865806] device-mapper: ioctl: 4.37.0-ioctl (2017-09-20) initialised: dm-devel@redhat.com
[    2.874664] ledtrig-cpu: registered to indicate activity on CPUs
[    2.883453] NET: Registered protocol family 10
[    2.898434] Segment Routing with IPv6
[    2.899468] NET: Registered protocol family 17
[    2.900806] Key type dns_resolver registered
[    2.903384] mce: Using 0 MCE banks
[    2.904301] RAS: Correctable Errors collector initialized.
[    2.905618] sched_clock: Marking stable (2904285071, 0)->(12815325983, -9911040912)
[    2.909638] registered taskstats version 1
[    2.910935] Loading compiled-in X.509 certificates
[    2.915114] Loaded X.509 cert 'Build time autogenerated kernel key: 7480108fe56bba9284001dfb9078560125be4684'
[    2.918629] zswap: loaded using pool lzo/zbud
[    2.950032] Key type big_key registered
[    2.951588] Key type trusted registered
[    2.955550] Key type encrypted registered
[    2.957146] AppArmor: AppArmor sha1 policy hashing enabled
[    2.959035] ima: No TPM chip found, activating TPM-bypass! (rc=-19)
[    2.961009] ima: Allocated hash algorithm: sha1
[    2.962617] evm: HMAC attrs: 0x1
[    2.964191]   Magic number: 4:437:87
[    2.965440] button LNXPWRBN:00: hash matches
[    2.967089] rtc_cmos rtc_cmos: setting system clock to 2020-05-15 17:03:59 UTC (1589562239)
[    2.970029] BIOS EDD facility v0.16 2004-Jun-25, 0 devices found
[    2.971894] EDD information not available.
[    2.976483] Freeing unused kernel image memory: 2432K
[    3.305420] Write protecting the kernel read-only data: 20480k
[    3.308207] Freeing unused kernel image memory: 2008K
[    3.310135] Freeing unused kernel image memory: 1876K
[    3.320117] x86/mm: Checked W+X mappings: passed, no W+X pages found.
[    3.321688] x86/mm: Checking user space page tables
[    3.331372] x86/mm: Checked W+X mappings: passed, no W+X pages found.
Loading, please wait...
starting version 237
[    3.745402] Fusion MPT base driver 3.04.20
[    3.746683] Copyright (c) 1999-2008 LSI Corporation
[    3.816546] e1000: Intel(R) PRO/1000 Network Driver - version 7.3.21-k8-NAPI
[    3.822004] e1000: Copyright (c) 1999-2006 Intel Corporation.
[    3.996066] Fusion MPT SPI Host driver 3.04.20
[    4.082432] AVX2 version of gcm_enc/dec engaged.
[    4.083744] AES CTR mode by8 optimization enabled
[    4.105353] input: ImExPS/2 Generic Explorer Mouse as /devices/platform/i8042/serio1/input/input4
[    4.529704] e1000 0000:00:03.0 eth0: (PCI:33MHz:32-bit) 02:eb:10:d0:50:f8
[    4.531062] e1000 0000:00:03.0 eth0: Intel(R) PRO/1000 Network Connection
[    5.321218] e1000 0000:00:08.0 eth1: (PCI:33MHz:32-bit) 08:00:27:c1:71:c9
[    5.322498] e1000 0000:00:08.0 eth1: Intel(R) PRO/1000 Network Connection
[    5.325074] e1000 0000:00:03.0 enp0s3: renamed from eth0
[    5.326302] mptbase: ioc0: Initiating bringup
[    5.356161] e1000 0000:00:08.0 enp0s8: renamed from eth1
[    5.421588] ioc0: LSI53C1030 A0: Capabilities={Initiator}
[    7.281851] scsi host2: ioc0: LSI53C1030 A0, FwRev=00000000h, Ports=1, MaxQ=256, IRQ=20
[    9.021198] scsi 2:0:0:0: Direct-Access     VBOX     HARDDISK         1.0  PQ: 0 ANSI: 5
[    9.055977] scsi target2:0:0: Beginning Domain Validation
[    9.059702] scsi target2:0:0: Domain Validation skipping write tests
[    9.061492] scsi target2:0:0: Ending Domain Validation
[    9.063288] scsi target2:0:0: asynchronous
[    9.065207] scsi 2:0:1:0: Direct-Access     VBOX     HARDDISK         1.0  PQ: 0 ANSI: 5
[    9.732482] scsi target2:0:1: Beginning Domain Validation
[    9.735730] scsi target2:0:1: Domain Validation skipping write tests
[    9.737083] scsi target2:0:1: Ending Domain Validation
[    9.738175] scsi target2:0:1: asynchronous
[    9.739156] random: fast init done
[    9.743295] random: systemd-udevd: uninitialized urandom read (16 bytes read)
[    9.743685] sd 2:0:0:0: [sda] 167772160 512-byte logical blocks: (85.9 GB/80.0 GiB)
[    9.744703] random: systemd-udevd: uninitialized urandom read (16 bytes read)
[    9.744706] sd 2:0:0:0: Attached scsi generic sg0 type 0
[    9.746209] sd 2:0:0:0: [sda] Write Protect is off
[    9.747402] random: systemd-udevd: uninitialized urandom read (16 bytes read)
[    9.747789] sd 2:0:1:0: Attached scsi generic sg1 type 0
[    9.751236] sd 2:0:1:0: [sdb] 20480 512-byte logical blocks: (10.5 MB/10.0 MiB)
[    9.751268] sd 2:0:0:0: [sda] Incomplete mode parameter data
[    9.751269] sd 2:0:0:0: [sda] Assuming drive cache: write through
[    9.755548]  sda: sda1
[    9.756636] sd 2:0:1:0: [sdb] Write Protect is off
[    9.758080] sd 2:0:0:0: [sda] Attached SCSI disk
[    9.759721] sd 2:0:1:0: [sdb] Incomplete mode parameter data
[    9.760947] sd 2:0:1:0: [sdb] Assuming drive cache: write through
[    9.764970] sd 2:0:1:0: [sdb] Attached SCSI disk
Begin: Loading essential drivers ... [   11.412568] raid6: sse2x1   gen()  7911 MB/s
[   11.460626] raid6: sse2x1   xor()  7737 MB/s
[   11.508381] raid6: sse2x2   gen() 13433 MB/s
[   11.556276] raid6: sse2x2   xor()  8335 MB/s
[   11.604337] raid6: sse2x4   gen() 14779 MB/s
[   11.652062] raid6: sse2x4   xor()  8788 MB/s
[   11.700729] raid6: avx2x1   gen() 20850 MB/s
[   11.748551] raid6: avx2x1   xor() 13258 MB/s
[   11.796324] raid6: avx2x2   gen() 22682 MB/s
[   11.844240] raid6: avx2x2   xor() 15150 MB/s
[   11.892232] raid6: avx2x4   gen() 23927 MB/s
[   11.940728] raid6: avx2x4   xor() 15146 MB/s
[   11.941818] raid6: using algorithm avx2x4 gen() 23927 MB/s
[   11.943055] raid6: .... xor() 15146 MB/s, rmw enabled
[   11.944365] raid6: using avx2x2 recovery algorithm
[   11.947639] xor: automatically using best checksumming function   avx       
[   11.951472] async_tx: api initialized (async)
done.
Begin: Running /scripts/init-premount ... done.
Begin: Mounting root file system ... Begin: Running /scripts/local-top ... done.
Begin: Running /scripts/local-premount ... [   12.007821] Btrfs loaded, crc32c=crc32c-intel
Scanning for Btrfs filesystems
done.
Warning: fsck not present, so skipping root file system
[   12.045902] EXT4-fs (sda1): mounted filesystem with ordered data mode. Opts: (null)
done.
Begin: Running /scripts/local-bottom ... done.
Begin: Running /scripts/init-bottom ... done.
[   12.262009] ip_tables: (C) 2000-2006 Netfilter Core Team
[   12.297616] systemd[1]: systemd 237 running in system mode. (+PAM +AUDIT +SELINUX +IMA +APPARMOR +SMACK +SYSVINIT +UTMP +LIBCRYPTSETUP +GCRYPT +GNUTLS +ACL +XZ +LZ4 +SECCOMP +BLKID +ELFUTILS +KMOD -IDN2 +IDN -PCRE2 default-hierarchy=hybrid)
[   12.302433] systemd[1]: Detected virtualization oracle.
[   12.303739] systemd[1]: Detected architecture x86-64.

Welcome to [1mUbuntu 18.04.4 LTS[0m!

[   12.379677] systemd[1]: Set hostname to <ubuntu>.
[   12.385652] systemd[1]: Initializing machine ID from random generator.
[   12.388182] systemd[1]: Installed transient /etc/machine-id file.
[   13.074701] systemd[1]: Set up automount Arbitrary Executable File Formats File System Automount Point.
[[0;32m  OK  [0m] Set up automount Arbitrary Executab…rmats File System Automount Point.
[   13.079047] systemd[1]: Reached target Swap.
[[0;32m  OK  [0m] Reached target Swap.
[   13.087837] systemd[1]: Created slice System Slice.
[[0;32m  OK  [0m] Created slice System Slice.
[   13.089999] systemd[1]: Listening on LVM2 poll daemon socket.
[[0;32m  OK  [0m] Listening on LVM2 poll daemon socket.
[[0;32m  OK  [0m] Listening on Journal Socket.
[[0;32m  OK  [0m] Listening on /dev/initctl Compatibility Named Pipe.
[[0;32m  OK  [0m] Created slice system-serial\x2dgetty.slice.
[[0;32m  OK  [0m] Listening on Journal Socket (/dev/log).
         Starting Create list of required st…ce nodes for the current kernel...
         Mounting Kernel Debug File System...
         Starting Uncomplicated firewall...
         Starting Remount Root and Kernel File Systems...
[[0;32m  OK  [0m] Listening on Network Service Netlink Socket.
[[0;32m  OK  [0m] Listening on Journal Audit Socket.
[[0;32m  OK  [0m] Listening on Syslog Socket.
[[0;32m  OK  [0m] Listening on udev Kernel Socket.
[   13.274652] EXT4-fs (sda1): re-mounted. Opts: (null)
[[0;32m  OK  [0m] Listening on udev Control Socket.
         Mounting Huge Pages File System...
[[0;32m  OK  [0m] Created slice User and Session Slice.
[[0;32m  OK  [0m] Reached target Slices.
[[0;32m  OK  [0m] Listening on Device-mapper event daemon FIFOs.
[[0;32m  OK  [0m] Reached target System Time Synchronized.
[[0;32m  OK  [0m] Listening on LVM2 metadata daemon socket.
         Starting Monitoring of LVM2 mirrors…ng dmeventd or progress polling...
         Starting udev Coldplug all Devices...
         Starting Load Kernel Modules...
         Starting Journal Service...
         Starting Set the console keyboard layout...
         Mounting POSIX Message Queue File System...
[[0;32m  OK  [0m] Reached target User and Group Name Lookups.
[[0;32m  OK  [0m] Started Forward Password Requests to Wall Directory Watch.
[   13.542328] Loading iSCSI transport class v2.0-870.
[[0;32m  OK  [0m] Started Create list of required sta…vice nodes for the current kernel.
[[0;32m  OK  [0m] Mounted Kernel Debug File System.
[[0;32m  OK  [0m] Started Uncomplicated firewall.
[[0;32m  OK  [0m] Started Remount Root and Kernel File Systems.
[[0;32m  OK  [0m] Mounted Huge Pages File System.
[[0;32m  OK  [0m] Mounted POSIX Message Queue File System.
[   13.569509] iscsi: registered transport (tcp)
[[0;32m  OK  [0m] Started LVM2 metadata daemon.
         Starting Load/Save Random Seed...
         Starting Create Static Device Nodes in /dev...
[[0;32m  OK  [0m] Started udev Coldplug all Devices.
[   13.676653] iscsi: registered transport (iser)
[[0;32m  OK  [0m] Started Load Kernel Modules.
         Mounting FUSE Control File System...
         Starting Apply Kernel Variables...
         Mounting Kernel Configuration File System...
[[0;32m  OK  [0m] Started Monitoring of LVM2 mirrors,…sing dmeventd or progress polling.
[[0;32m  OK  [0m] Mounted FUSE Control File System.
[[0;32m  OK  [0m] Started Load/Save Random Seed.
[[0;32m  OK  [0m] Mounted Kernel Configuration File System.
[[0;32m  OK  [0m] Started Journal Service.
         Starting Flush Journal to Persistent Storage...
[[0;32m  OK  [0m] Started Apply Kernel Variables.
[[0;32m  OK  [0m] Started Create Static Device Nodes in /dev.
         Starting udev Kernel Device Manager...
[[0;32m  OK  [0m] Started Flush Journal to Persistent Storage.
[[0;32m  OK  [0m] Started udev Kernel Device Manager.
[[0;32m  OK  [0m] Started Set the console keyboard layout.
[[0;32m  OK  [0m] Started Dispatch Password Requests to Console Directory Watch.
[[0;32m  OK  [0m] Reached target Local Encrypted Volumes.
[[0;32m  OK  [0m] Reached target Local File Systems (Pre).
[[0;32m  OK  [0m] Reached target Local File Systems.
         Starting Tell Plymouth To Write Out Runtime Data...
         Starting Commit a transient machine-id on disk...
         Starting ebtables ruleset management...
         Starting AppArmor initialization...
         Starting Set console font and keymap...
         Starting Create Volatile Files and Directories...
[[0;32m  OK  [0m] Started Tell Plymouth To Write Out Runtime Data.
[[0;32m  OK  [0m] Found device /dev/ttyS0.
[[0;32m  OK  [0m] Started Set console font and keymap.
[[0;32m  OK  [0m] Started Create Volatile Files and Directories.
         Starting Update UTMP about System Boot/Shutdown...
[[0;32m  OK  [0m] Started Update UTMP about System Boot/Shutdown.
[[0;32m  OK  [0m] Started Commit a transient machine-id on disk.
[[0;32m  OK  [0m] Started ebtables ruleset management.
[[0;32m  OK  [0m] Listening on Load/Save RF Kill Switch Status /dev/rfkill Watch.
[[0;32m  OK  [0m] Started AppArmor initialization.
         Starting Initial cloud-init job (pre-networking)...
[   19.075845] cloud-init[623]: Cloud-init v. 19.4-33-gbb4131a2-0ubuntu1~18.04.1 running 'init-local' at Fri, 15 May 2020 17:04:14 +0000. Up 17.62 seconds.
[[0;32m  OK  [0m] Started Initial cloud-init job (pre-networking).
[[0;32m  OK  [0m] Reached target Network (Pre).
         Starting Network Service...
[[0;32m  OK  [0m] Started Network Service.
         Starting Network Name Resolution...
         Starting Wait for Network to be Configured...
[[0;32m  OK  [0m] Started Network Name Resolution.
[[0;32m  OK  [0m] Reached target Host and Network Name Lookups.
[[0;32m  OK  [0m] Reached target Network.
[[0;32m  OK  [0m] Started Wait for Network to be Configured.
         Starting Initial cloud-init job (metadata service crawler)...
[   21.619078] cloud-init[731]: Cloud-init v. 19.4-33-gbb4131a2-0ubuntu1~18.04.1 running 'init' at Fri, 15 May 2020 17:04:17 +0000. Up 21.39 seconds.
[   21.622112] cloud-init[731]: ci-info: ++++++++++++++++++++++++++++++++++++++Net device info+++++++++++++++++++++++++++++++++++++++
[   21.624289] cloud-init[731]: ci-info: +--------+-------+----------------------------+---------------+--------+-------------------+
[   21.626286] cloud-init[731]: ci-info: | Device |   Up  |          Address           |      Mask     | Scope  |     Hw-Address    |
[   21.629254] cloud-init[731]: ci-info: +--------+-------+----------------------------+---------------+--------+-------------------+
[   21.632152] cloud-init[731]: ci-info: | enp0s3 |  True |         10.0.2.15          | 255.255.255.0 | global | 02:eb:10:d0:50:f8 |
[   21.634666] cloud-init[731]: ci-info: | enp0s3 |  True | fe80::eb:10ff:fed0:50f8/64 |       .       |  link  | 02:eb:10:d0:50:f8 |
[   21.637046] cloud-init[731]: ci-info: | enp0s8 | False |             .              |       .       |   .    | 08:00:27:c1:71:c9 |
[   21.639404] cloud-init[731]: ci-info: |   lo   |  True |         127.0.0.1          |   255.0.0.0   |  host  |         .         |
[   21.641624] cloud-init[731]: ci-info: |   lo   |  True |          ::1/128           |       .       |  host  |         .         |
[   21.652655] cloud-init[731]: ci-info: +--------+-------+----------------------------+---------------+--------+-------------------+
[   21.668269] cloud-init[731]: ci-info: ++++++++++++++++++++++++++++Route IPv4 info+++++++++++++++++++++++++++++
[   21.680328] cloud-init[731]: ci-info: +-------+-------------+----------+-----------------+-----------+-------+
[   21.682075] cloud-init[731]: ci-info: | Route | Destination | Gateway  |     Genmask     | Interface | Flags |
[   21.684209] cloud-init[731]: ci-info: +-------+-------------+----------+-----------------+-----------+-------+
[   21.696578] cloud-init[731]: ci-info: |   0   |   0.0.0.0   | 10.0.2.2 |     0.0.0.0     |   enp0s3  |   UG  |
[   21.698425] cloud-init[731]: ci-info: |   1   |   10.0.2.0  | 0.0.0.0  |  255.255.255.0  |   enp0s3  |   U   |
[   21.700105] cloud-init[731]: ci-info: |   2   |   10.0.2.2  | 0.0.0.0  | 255.255.255.255 |   enp0s3  |   UH  |
[   21.702237] cloud-init[731]: ci-info: +-------+-------------+----------+-----------------+-----------+-------+
[   21.712152] cloud-init[731]: ci-info: +++++++++++++++++++Route IPv6 info+++++++++++++++++++
[   21.713556] cloud-init[731]: ci-info: +-------+-------------+---------+-----------+-------+
[   21.724213] cloud-init[731]: ci-info: | Route | Destination | Gateway | Interface | Flags |
[   21.725246] cloud-init[731]: ci-info: +-------+-------------+---------+-----------+-------+
[   21.726405] cloud-init[731]: ci-info: |   1   |  fe80::/64  |    ::   |   enp0s3  |   U   |
[   21.727465] cloud-init[731]: ci-info: |   3   |    local    |    ::   |   enp0s3  |   U   |
[   21.729041] cloud-init[731]: ci-info: |   4   |   ff00::/8  |    ::   |   enp0s3  |   U   |
[   21.730127] cloud-init[731]: ci-info: +-------+-------------+---------+-----------+-------+
[   22.841267] cloud-init[731]: Generating public/private rsa key pair.
[   22.852225] cloud-init[731]: Your identification has been saved in /etc/ssh/ssh_host_rsa_key.
[   22.855097] cloud-init[731]: Your public key has been saved in /etc/ssh/ssh_host_rsa_key.pub.
[   22.856914] cloud-init[731]: The key fingerprint is:
[   22.857932] cloud-init[731]: SHA256:rAeXAQ/vh3pEoInysBoriwk6Qz3gRKRX5zE4fJXcGw8 root@ubuntu-bionic
[   22.869682] cloud-init[731]: The key's randomart image is:
[   22.880443] cloud-init[731]: +---[RSA 2048]----+
[   22.892219] cloud-init[731]: |.. ...Bo.o       |
[   22.893026] cloud-init[731]: |.. o+=.Oo E      |
[   22.894236] cloud-init[731]: |= o oo. =  =     |
[   22.895324] cloud-init[731]: | O     + +. .    |
[   22.896483] cloud-init[731]: |= +   . S .      |
[   22.897365] cloud-init[731]: |.= o   * .       |
[   22.898352] cloud-init[731]: |*   . o o        |
[   22.899428] cloud-init[731]: |Bo     o         |
[   22.900366] cloud-init[731]: |=o               |
[   22.901233] cloud-init[731]: +----[SHA256]-----+
[[0;32m  OK  [0m[   22.912713] cloud-init[731]: Generating public/private dsa key pair.
[   22.913063] cloud-init[731]: Your identification has been saved in /etc/ssh/ssh_host_dsa_key.
] Started Initial cloud-init job (metadata service crawler).
[   22.913271] cloud-init[731]: Your public key has been saved in /etc/ssh/ssh_host_dsa_key.pub.
[   22.918619] cloud-init[731]: The key fingerprint is:
[[0;32m  OK  [0m] Reached target Cloud-config availability.
[[   22.919589] cloud-init[731]: SHA256:B8nze2ay1soR+L6y6PAa1sLFra42Yg2qmDwsltFt1yk root@ubuntu-bionic
[   22.920561] cloud-init[731]: The key's randomart image is:
[   22.921251] cloud-init[731]: +---[DSA 1024]----+
[   22.921950] cloud-init[731]: |                 |
[   22.922535] cloud-init[731]: |       . .       |
[   22.923281] cloud-init[731]: |        =        |
[   22.924000] cloud-init[731]: |     . . =       |
[   22.924792] cloud-init[731]: |  . . o S =      |
[   22.925476] cloud-init[731]: | ..o = E = o     |
[   22.926202] cloud-init[731]: |..ooB + . =.+    |
[   22.926988] cloud-init[731]: |=*o.+* ..o.B.    |
[   22.927185] cloud-init[731]: |Bo.oo== .+*o     |
[0;32m  OK  [0m] Reached target Network is Online.
[   22.927699] cloud-init[731]: +----[SHA256]-----+
[   22.945839] cloud-init[731]: Generating public/private ecdsa key pair.
[   22.946704] cloud-init[731]: Your identification has been saved in /etc/ssh/ssh_host_ecdsa_key.
         Starting Availability of block devices...
[[   22.956276] [0;32m  OK  [0mcloud-init] [731]: Reached target Remote File Systems (Pre).Your public key has been saved in /etc/ssh/ssh_host_ecdsa_key.pub.

[[0;32m  OK  [0m] Reached target Remote File Systems.
[   22.968310] cloud-init[731]: The key fingerprint is:
[[0;32m  OK  [0m] Reached target System Initialization.
[   22.970094] cloud-init[731]: SHA256:fXpjMnyVeNZzj9KK44QWma/LFLioauvtzs8xTHo3/S8 root@ubuntu-bionic
         Starting Socket activation for snappy daemon.
[   22.972789] cloud-init[731]: The key's randomart image is:
[[0;32m  OK  [0m] Listening on ACPID Listen Socket.
[   22.974638] cloud-init[731]: +---[ECDSA 256]---+
[[0;32m  OK  [0m] Started Daily Cleanup of Temporary Directories.
[   22.975216] cloud-init[731]: |                 |
[[0;32m  OK  [0m] Started Daily apt download activities.
[   22.993463] cloud-init[731]: |                 |
[[0;32m  OK  [0m] Started Daily apt upgrade and clean activities.
[   23.004416] cloud-init[731]: |                 |
[   23.005871] cloud-init[731]: |       . +   . o |
[[0;32m  OK  [0m] Started ACPI Events Check.
[   23.006625] [cloud-init[0;32m  OK  [0m[731]: ] Reached target Paths.|     .. S . o =.o|

[[0;32m  OK  [0m] Listening on D-Bus System Message Bus Socket.
[   23.008381] cloud-init[731]: |    +. ..* o = .+|
[[0;32m  OK  [0m] Started Message of the Day.
[   23.009733] cloud-init[731]: |   ..=.o+.B * o .|
[   23.011200] cloud-init[731]: | .o.o ++.ooE +   |
[   23.011771]          cloud-initStarting LXD - unix socket.[731]: 
|++==.o  +ooo+.   |
[[   23.013672] [0;32m  OK  [0mcloud-init] [731]: Started Discard unused blocks once a week.+----[SHA256]-----+

[[0;32m  OK  [0m] Reached target Timers.
[   23.021963] cloud-init[731]: Generating public/private ed25519 key pair.
[[0;32m  OK  [0m] Listening on Open-iSCSI iscsid Socket.
[   23.254499] cloud-init[731]: Your identification has been saved in /etc/ssh/ssh_host_ed25519_key.
[[0;32m  OK  [0m] Listening on UUID daemon activation socket.
[   23.256542] cloud-init[731]: Your public key has been saved in /etc/ssh/ssh_host_ed25519_key.pub.
[[0;32m  OK  [0m] Started Availability of block devices.
[   23.258345] cloud-init[731]: The key fingerprint is:
[[0;32m  OK  [0m] Listening on Socket activation for snappy daemon.
[   23.291567] cloud-init[731]: SHA256:QUyhCw6IYX/46Z9fAF/CDNAOXTWu2S7rTzzX3t7p21s root@ubuntu-bionic
[[0;32m  OK  [0m] Listening on LXD - unix socket.
[   23.293137] cloud-init[731]: The key's randomart image is:
[[0;32m  OK  [0m] Reached target Sockets.
[[   23.307497] [0;32m  OK  [0mcloud-init] [731]: Reached target Basic System.+--[ED25519 256]--+

[   23.308079] cloud-init[731]: |..   .++=o.o     |
[   23.320627]          Starting LXD - container startup/shutdown...
cloud-init[731]: |oo. .. == . .    |
[   23.322342] cloud-init[731]: |o .o..+..+ o     |
[   23.323165] cloud-init[731]: |   oo..oo.*      |
[   23.323967] cloud-init[731]: |    .o. S= .     |
[   23.324826] cloud-init[731]: |    .     +   .  |
[   23.336270] cloud-init[731]: |     .   . * . .E|
[   23.337336] cloud-init[731]: |      . . = o . *|
[   23.338805] cloud-init[731]: |       oo+..  .BB|
[   23.348761] cloud-init[731]: +----[SHA256]-----+
[[0;32m  OK  [0m] Started Regular background program processing daemon.
[[0;32m  OK  [0m] Started D-Bus System Message Bus.
         Starting Accounts Service...
         Starting System Logging Service...
         Starting Permit User Sessions...
[[0;32m  OK  [0m] Started FUSE filesystem for LXC.
         Starting Pollinate to seed the pseudo random number generator...
[[0;32m  OK  [0m] Started Deferred execution scheduler.
         Starting LSB: Record successful boot for GRUB...
         Starting Dispatcher daemon for systemd-networkd...
         Starting Login Service...
[[0;32m  OK  [0m] Started irqbalance daemon.
         Starting Virtualbox guest utils...
         Starting LSB: automatic crash report generation...
         Starting Snappy daemon...
[[0;32m  OK  [0m] Started System Logging Service.
[[0;32m  OK  [0m] Started LXD - container startup/shutdown.
[[0;32m  OK  [0m] Started Permit User Sessions.
[[0;32m  OK  [0m] Started Login Service.
[[0;32m  OK  [0m] Started Unattended Upgrades Shutdown.
         Starting Authorization Manager...
         Starting Terminate Plymouth Boot Screen...
         Starting Hold until boot process finishes up...
[[0;32m  OK  [0m] Started Terminate Plymouth Boot Screen.
[[0;32m  OK  [0m] Started Hold until boot process finishes up.
[[0;32m  OK  [0m] Started Serial Getty on ttyS0.
         Starting Set console scheme...
[[0;32m  OK  [0m] Started LSB: automatic crash report generation.
[[0;32m  OK  [0m] Started Set console scheme.
[[0;32m  OK  [0m] Created slice system-getty.slice.
[[0;32m  OK  [0m] Started Getty on tty1.
[[0;32m  OK  [0m] Reached target Login Prompts.
[[0;32m  OK  [0m] Started LSB: Record successful boot for GRUB.
[[0;32m  OK  [0m] Started Authorization Manager.
[[0;32m  OK  [0m] Started Accounts Service.
[[0;32m  OK  [0m] Started Virtualbox guest utils.
[[0;32m  OK  [0m] Started Dispatcher daemon for systemd-networkd.
[[0;32m  OK  [0m] Started Snappy daemon.
         Starting Wait until snapd is fully seeded...
[[0;32m  OK  [0m] Started Wait until snapd is fully seeded.
         Starting Apply the settings specified in cloud-config...

Ubuntu 18.04.4 LTS ubuntu-bionic ttyS0

ubuntu-bionic login: [   30.956920] cloud-init[1297]: Cloud-init v. 19.4-33-gbb4131a2-0ubuntu1~18.04.1 running 'modules:config' at Fri, 15 May 2020 17:04:26 +0000. Up 29.72 seconds.
ci-info: no authorized SSH keys fingerprints found for user ubuntu.
<14>May 15 17:04:29 ec2: 
<14>May 15 17:04:29 ec2: #############################################################
<14>May 15 17:04:29 ec2: -----BEGIN SSH HOST KEY FINGERPRINTS-----
<14>May 15 17:04:29 ec2: 1024 SHA256:B8nze2ay1soR+L6y6PAa1sLFra42Yg2qmDwsltFt1yk root@ubuntu-bionic (DSA)
<14>May 15 17:04:29 ec2: 256 SHA256:fXpjMnyVeNZzj9KK44QWma/LFLioauvtzs8xTHo3/S8 root@ubuntu-bionic (ECDSA)
<14>May 15 17:04:29 ec2: 256 SHA256:QUyhCw6IYX/46Z9fAF/CDNAOXTWu2S7rTzzX3t7p21s root@ubuntu-bionic (ED25519)
<14>May 15 17:04:29 ec2: 2048 SHA256:rAeXAQ/vh3pEoInysBoriwk6Qz3gRKRX5zE4fJXcGw8 root@ubuntu-bionic (RSA)
<14>May 15 17:04:29 ec2: -----END SSH HOST KEY FINGERPRINTS-----
<14>May 15 17:04:29 ec2: #############################################################
-----BEGIN SSH HOST KEY KEYS-----
ecdsa-sha2-nistp256 AAAAE2VjZHNhLXNoYTItbmlzdHAyNTYAAAAIbmlzdHAyNTYAAABBBLIN6P6j0dEt9slvwZOcS5QF51H5MVMnyhsMGRMfUb8JeAEjWxdlFV5e28Xo+YzLUaZeco7PLUagFjgv8T30CH4= root@ubuntu-bionic
ssh-ed25519 AAAAC3NzaC1lZDI1NTE5AAAAIE0DQq3GFIPJnNJ0bdAgHNtNDCD2accCV+vWxT8kABlA root@ubuntu-bionic
ssh-rsa AAAAB3NzaC1yc2EAAAADAQABAAABAQDNCd9L05zulLqPUrB4d/GxZ57mMcb+P31lsP9PU07ZjaXmTXFW/D/pAnIeYnmScn5wv9dfVHGxtbkwYTLfCUkxXkrXWsFqFMkRblfDBx2buBowTiTbhpPNsYBHB7XyiycznLDZpQxFrGAXa6+d97qh7PGQQ9XoB/3TBJplSy3roAzqu8rMeqaQv0ECQc39SwCWpO/pTOPcsh1JJj+vxEviktl1JWZqsfpUJu/WbPLJWKdSlYfSEntPXnElIgy4wphXobXtnFrpCYrgqHgfbpOsCR7OwDAWp+kgUmToAe2jrwa0igXz1t2tslnY8JMNJsQWXBsiJ/ktHhDT4roVyHwN root@ubuntu-bionic
-----END SSH HOST KEY KEYS-----
[   32.668742] cloud-init[1385]: Cloud-init v. 19.4-33-gbb4131a2-0ubuntu1~18.04.1 running 'modules:final' at Fri, 15 May 2020 17:04:28 +0000. Up 32.37 seconds.
[   32.668890] cloud-init[1385]: ci-info: no authorized SSH keys fingerprints found for user ubuntu.
[   32.668971] cloud-init[1385]: Cloud-init v. 19.4-33-gbb4131a2-0ubuntu1~18.04.1 finished at Fri, 15 May 2020 17:04:29 +0000. Datasource DataSourceNoCloud [seed=/dev/sdb][dsmode=net].  Up 32.65 seconds
[ 4438.765511] watchdog: BUG: soft lockup - CPU#3 stuck for 22s! [EMT-0:27824]
[ 4466.765444] watchdog: BUG: soft lockup - CPU#3 stuck for 22s! [EMT-0:27824]
[ 4475.077446] INFO: rcu_sched self-detected stall on CPU
[ 4475.078636] 	3-....: (14894 ticks this GP) idle=186/140000000000001/0 softirq=26377/26377 fqs=7052 
[ 4475.080791] 	 (t=15000 jiffies g=19896 c=19895 q=566)
[ 4475.084220] Uhhuh. NMI received for unknown reason 20 on CPU 0.
[ 4475.084221] Do you have a strange power saving mode enabled?
[ 4475.084222] Dazed and confused, but trying to continue
[ 4862.753381] watchdog: BUG: soft lockup - CPU#1 stuck for 22s! [EMT-1:28216]
[ 4890.753881] watchdog: BUG: soft lockup - CPU#1 stuck for 22s! [EMT-1:28216]
